Using pre-set license
Built from '2020.3/staging' branch; Version is '2020.3.21f1 (a38c86f6690f) revision 10718342'; Using compiler version '192528614'; Build Type 'Release'
OS: 'Windows 10 Pro; OS build 19043.1415; Version 2009; 64bit' Language: 'en' Physical Memory: 7991 MB
BatchMode: 1, IsHumanControllingUs: 0, StartBugReporterOnCrash: 0, Is64bit: 1, IsPro: 0

COMMAND LINE ARGUMENTS:
C:\Program Files\Unity 2020.3.21f1\Editor\Unity.exe
-adb2
-batchMode
-noUpm
-name
AssetImportWorker0
-projectPath
C:/Users/Haron Kipkorir/source/repos/Random/p2p
-logFile
Logs/AssetImportWorker0.log
-srvPort
49626
Successfully changed project path to: C:/Users/Haron Kipkorir/source/repos/Random/p2p
C:/Users/Haron Kipkorir/source/repos/Random/p2p
Using Asset Import Pipeline V2.
Refreshing native plugins compatible for Editor in 78.46 ms, found 3 plugins.
Preloading 1 native plugins for Editor in 5.48 ms.
Initialize engine version: 2020.3.21f1 (a38c86f6690f)
[Subsystems] Discovering subsystems at path C:/Program Files/Unity 2020.3.21f1/Editor/Data/Resources/UnitySubsystems
[Subsystems] Discovering subsystems at path C:/Users/Haron Kipkorir/source/repos/Random/p2p/Assets
GfxDevice: creating device client; threaded=0
Direct3D:
    Version:  Direct3D 11.0 [level 10.0]
    Renderer: Intel(R) HD Graphics (ID=0x42)
    Vendor:   
    VRAM:     128 MB
    Driver:   8.15.10.2900
Initialize mono
Mono path[0] = 'C:/Program Files/Unity 2020.3.21f1/Editor/Data/Managed'
Mono path[1] = 'C:/Program Files/Unity 2020.3.21f1/Editor/Data/MonoBleedingEdge/lib/mono/unityjit'
Mono config path = 'C:/Program Files/Unity 2020.3.21f1/Editor/Data/MonoBleedingEdge/etc'
Using monoOptions --debugger-agent=transport=dt_socket,embedding=1,server=y,suspend=n,address=127.0.0.1:56572
Begin MonoManager ReloadAssembly
Registering precompiled unity dll's ...
Register platform support module: C:/Program Files/Unity 2020.3.21f1/Editor/Data/PlaybackEngines/WindowsStandaloneSupport/UnityEditor.WindowsStandalone.Extensions.dll
Registered in 0.005308 seconds.
Native extension for WindowsStandalone target not found
Refreshing native plugins compatible for Editor in 71.93 ms, found 3 plugins.
Preloading 1 native plugins for Editor in 0.31 ms.
Mono: successfully reloaded assembly
- Completed reload, in  4.329 seconds
Domain Reload Profiling:
	ReloadAssembly (4329ms)
		BeginReloadAssembly (122ms)
			ExecutionOrderSort (0ms)
			DisableScriptedObjects (0ms)
			BackupInstance (0ms)
			ReleaseScriptingObjects (0ms)
			CreateAndSetChildDomain (1ms)
		EndReloadAssembly (924ms)
			LoadAssemblies (117ms)
			RebuildTransferFunctionScriptingTraits (0ms)
			SetupTypeCache (337ms)
			ReleaseScriptCaches (0ms)
			RebuildScriptCaches (72ms)
			SetupLoadedEditorAssemblies (333ms)
				LogAssemblyErrors (0ms)
				InitializePlatformSupportModulesInManaged (9ms)
				SetLoadedEditorAssemblies (1ms)
				RefreshPlugins (72ms)
				BeforeProcessingInitializeOnLoad (31ms)
				ProcessInitializeOnLoadAttributes (164ms)
				ProcessInitializeOnLoadMethodAttributes (56ms)
				AfterProcessingInitializeOnLoad (0ms)
				EditorAssembliesLoaded (0ms)
			ExecutionOrderSort2 (0ms)
			AwakeInstancesAfterBackupRestoration (0ms)
Platform modules already initialized, skipping
Registering precompiled user dll's ...
Registered in 0.016309 seconds.
Begin MonoManager ReloadAssembly
Native extension for WindowsStandalone target not found
Refreshing native plugins compatible for Editor in 0.93 ms, found 3 plugins.
Preloading 1 native plugins for Editor in 0.22 ms.
Find all reader and writers took 577 milliseconds
Script Module: UnityEngine.UI.dll
Weave behaviours and messages took 473 milliseconds
Find all reader and writers took 408 milliseconds
Script Module: UnityEngine.TestRunner.dll
Weave behaviours and messages took 189 milliseconds
Find all reader and writers took 312 milliseconds
Script Module: UniTask.dll
Weave behaviours and messages took 585 milliseconds
Find all reader and writers took 284 milliseconds
Script Module: SimpleWebTransport.dll
Weave behaviours and messages took 28 milliseconds
Find all reader and writers took 276 milliseconds
Script Module: Unity.Timeline.dll
Weave behaviours and messages took 212 milliseconds
Find all reader and writers took 296 milliseconds
Script Module: UniTask.Linq.dll
Weave behaviours and messages took 676 milliseconds
Find all reader and writers took 321 milliseconds
Script Module: Unity.TextMeshPro.dll
Weave behaviours and messages took 264 milliseconds
Find all reader and writers took 277 milliseconds
Script Module: Unity.WebRTC.dll
Weave behaviours and messages took 61 milliseconds
Find all reader and writers took 266 milliseconds
Script Module: kcp2k.dll
Weave behaviours and messages took 21 milliseconds
Find all reader and writers took 256 milliseconds
Script Module: Telepathy.dll
Weave behaviours and messages took 11 milliseconds
Find all reader and writers took 282 milliseconds
Script Module: Assembly-CSharp.dll
Weave behaviours and messages took 32 milliseconds
Find all reader and writers took 279 milliseconds
Script Module: UniTask.DOTween.dll
Weave behaviours and messages took 0 milliseconds
Find all reader and writers took 289 milliseconds
Script Module: where-allocations.dll
Weave behaviours and messages took 1 milliseconds
Find all reader and writers took 276 milliseconds
Script Module: UniTask.TextMeshPro.dll
Weave behaviours and messages took 9 milliseconds
Find all reader and writers took 280 milliseconds
Script Module: endel.nativewebsocket.dll
Weave behaviours and messages took 10 milliseconds
Find all reader and writers took 326 milliseconds
Script Module: UniTask.Addressables.dll
Weave behaviours and messages took 0 milliseconds
Find all reader and writers took 453 milliseconds
Script Module: UnityEditor.TestRunner.dll
