Using pre-set license
Built from '2020.3/staging' branch; Version is '2020.3.21f1 (a38c86f6690f) revision 10718342'; Using compiler version '192528614'; Build Type 'Release'
OS: 'Windows 10 Pro; OS build 19043.1415; Version 2009; 64bit' Language: 'en' Physical Memory: 8058 MB
BatchMode: 1, IsHumanControllingUs: 0, StartBugReporterOnCrash: 0, Is64bit: 1, IsPro: 0

COMMAND LINE ARGUMENTS:
C:\Program Files\Unity\Hub\Editor\2020.3.21f1\Editor\Unity.exe
-adb2
-batchMode
-noUpm
-name
AssetImportWorker0
-projectPath
C:/Users/kip/Desktop/New folder/mirrorp2ptransport/MirrorP2PTransport
-logFile
Logs/AssetImportWorker0.log
-srvPort
50514
Successfully changed project path to: C:/Users/kip/Desktop/New folder/mirrorp2ptransport/MirrorP2PTransport
C:/Users/kip/Desktop/New folder/mirrorp2ptransport/MirrorP2PTransport
Using Asset Import Pipeline V2.
Refreshing native plugins compatible for Editor in 97.06 ms, found 3 plugins.
Preloading 1 native plugins for Editor in 5.18 ms.
Initialize engine version: 2020.3.21f1 (a38c86f6690f)
[Subsystems] Discovering subsystems at path C:/Program Files/Unity/Hub/Editor/2020.3.21f1/Editor/Data/Resources/UnitySubsystems
[Subsystems] Discovering subsystems at path C:/Users/kip/Desktop/New folder/mirrorp2ptransport/MirrorP2PTransport/Assets
GfxDevice: creating device client; threaded=0
Direct3D:
    Version:  Direct3D 11.0 [level 11.1]
    Renderer: Intel(R) UHD Graphics 620 (ID=0x5917)
    Vendor:   
    VRAM:     4029 MB
    Driver:   23.20.16.4973
Initialize mono
Mono path[0] = 'C:/Program Files/Unity/Hub/Editor/2020.3.21f1/Editor/Data/Managed'
Mono path[1] = 'C:/Program Files/Unity/Hub/Editor/2020.3.21f1/Editor/Data/MonoBleedingEdge/lib/mono/unityjit'
Mono config path = 'C:/Program Files/Unity/Hub/Editor/2020.3.21f1/Editor/Data/MonoBleedingEdge/etc'
Using monoOptions --debugger-agent=transport=dt_socket,embedding=1,server=y,suspend=n,address=127.0.0.1:56544
Begin MonoManager ReloadAssembly
Registering precompiled unity dll's ...
Register platform support module: C:/Program Files/Unity/Hub/Editor/2020.3.21f1/Editor/Data/PlaybackEngines/WebGLSupport/UnityEditor.WebGL.Extensions.dll
Register platform support module: C:/Program Files/Unity/Hub/Editor/2020.3.21f1/Editor/Data/PlaybackEngines/WindowsStandaloneSupport/UnityEditor.WindowsStandalone.Extensions.dll
Registered in 0.005526 seconds.
Native extension for WindowsStandalone target not found
Native extension for WebGL target not found
Refreshing native plugins compatible for Editor in 99.65 ms, found 3 plugins.
Preloading 1 native plugins for Editor in 0.24 ms.
Mono: successfully reloaded assembly
- Completed reload, in  2.291 seconds
Domain Reload Profiling:
	ReloadAssembly (2291ms)
		BeginReloadAssembly (127ms)
			ExecutionOrderSort (0ms)
			DisableScriptedObjects (0ms)
			BackupInstance (0ms)
			ReleaseScriptingObjects (0ms)
			CreateAndSetChildDomain (3ms)
		EndReloadAssembly (989ms)
			LoadAssemblies (121ms)
			RebuildTransferFunctionScriptingTraits (0ms)
			SetupTypeCache (302ms)
			ReleaseScriptCaches (0ms)
			RebuildScriptCaches (50ms)
			SetupLoadedEditorAssemblies (462ms)
				LogAssemblyErrors (0ms)
				InitializePlatformSupportModulesInManaged (7ms)
				SetLoadedEditorAssemblies (0ms)
				RefreshPlugins (100ms)
				BeforeProcessingInitializeOnLoad (49ms)
				ProcessInitializeOnLoadAttributes (254ms)
				ProcessInitializeOnLoadMethodAttributes (51ms)
				AfterProcessingInitializeOnLoad (0ms)
				EditorAssembliesLoaded (0ms)
			ExecutionOrderSort2 (0ms)
			AwakeInstancesAfterBackupRestoration (0ms)
Platform modules already initialized, skipping
Registering precompiled user dll's ...
Registered in 0.023088 seconds.
Begin MonoManager ReloadAssembly
Native extension for WindowsStandalone target not found
Native extension for WebGL target not found
Refreshing native plugins compatible for Editor in 1.13 ms, found 3 plugins.
Preloading 1 native plugins for Editor in 0.21 ms.
Find all reader and writers took 302 milliseconds
Script Module: UnityEngine.UI.dll
Weave behaviours and messages took 208 milliseconds
Find all reader and writers took 230 milliseconds
Script Module: UnityEngine.TestRunner.dll
Weave behaviours and messages took 57 milliseconds
Find all reader and writers took 226 milliseconds
Script Module: UniTask.dll
Weave behaviours and messages took 373 milliseconds
Find all reader and writers took 207 milliseconds
Script Module: SimpleWebTransport.dll
Weave behaviours and messages took 12 milliseconds
Find all reader and writers took 199 milliseconds
Script Module: Unity.Timeline.dll
Weave behaviours and messages took 61 milliseconds
Find all reader and writers took 184 milliseconds
Script Module: IngameDebugConsole.Runtime.dll
Weave behaviours and messages took 29 milliseconds
Find all reader and writers took 217 milliseconds
Script Module: UniTask.Linq.dll
Weave behaviours and messages took 420 milliseconds
Find all reader and writers took 237 milliseconds
Script Module: Unity.TextMeshPro.dll
Weave behaviours and messages took 163 milliseconds
Find all reader and writers took 199 milliseconds
Script Module: Unity.WebRTC.dll
Weave behaviours and messages took 37 milliseconds
Find all reader and writers took 212 milliseconds
Script Module: Mirror.P2P.Transport.dll
Weave behaviours and messages took 20 milliseconds
Find all reader and writers took 189 milliseconds
Script Module: kcp2k.dll
Weave behaviours and messages took 18 milliseconds
Find all reader and writers took 198 milliseconds
Script Module: Telepathy.dll
Weave behaviours and messages took 5 milliseconds
Find all reader and writers took 174 milliseconds
Script Module: UniTask.DOTween.dll
Weave behaviours and messages took 0 milliseconds
Find all reader and writers took 189 milliseconds
Script Module: where-allocations.dll
Weave behaviours and messages took 0 milliseconds
Find all reader and writers took 133 milliseconds
Script Module: UniTask.TextMeshPro.dll
Weave behaviours and messages took 3 milliseconds
Find all reader and writers took 292 milliseconds
Script Module: endel.nativewebsocket.dll
Weave behaviours and messages took 11 milliseconds
Find all reader and writers took 168 milliseconds
Script Module: UniTask.Addressables.dll
Weave behaviours and messages took 0 milliseconds
Find all reader and writers took 282 milliseconds
Script Module: UnityEditor.TestRunner.dll
Weave behaviours and messages took 73 milliseconds
Find all reader and writers took 207 milliseconds
Script Module: UnityEditor.UI.dll
Weave behaviours and messages took 30 milliseconds
Find all reader and writers took 154 milliseconds
Script Module: ParrelSync.dll
Weave behaviours and messages took 4 milliseconds
Find all reader and writers took 144 milliseconds
Script Module: Mirror.CompilerSymbols.dll
Weave behaviours and messages took 0 milliseconds
Mono: successfully reloaded assembly
- Completed reload, in 17.151 seconds
Domain Reload Profiling:
	ReloadAssembly (17152ms)
		BeginReloadAssembly (288ms)
			ExecutionOrderSort (0ms)
			DisableScriptedObjects (8ms)
			BackupInstance (0ms)
			ReleaseScriptingObjects (0ms)
			CreateAndSetChildDomain (32ms)
		EndReloadAssembly (16743ms)
			LoadAssemblies (260ms)
			RebuildTransferFunctionScriptingTraits (0ms)
			SetupTypeCache (865ms)
			ReleaseScriptCaches (1ms)
			RebuildScriptCaches (117ms)
			SetupLoadedEditorAssemblies (15274ms)
				LogAssemblyErrors (0ms)
				InitializePlatformSupportModulesInManaged (9ms)
				SetLoadedEditorAssemblies (1ms)
				RefreshPlugins (2ms)
				BeforeProcessingInitializeOnLoad (180ms)
				ProcessInitializeOnLoadAttributes (727ms)
				ProcessInitializeOnLoadMethodAttributes (14343ms)
				AfterProcessingInitializeOnLoad (12ms)
				EditorAssembliesLoaded (0ms)
			ExecutionOrderSort2 (0ms)
			AwakeInstancesAfterBackupRestoration (10ms)
Platform modules already initialized, skipping
========================================================================
Worker process is ready to serve import requests
Launched and connected shader compiler UnityShaderCompiler.exe after 0.51 seconds
Refreshing native plugins compatible for Editor in 0.96 ms, found 3 plugins.
Preloading 1 native plugins for Editor in 0.20 ms.
Unloading 2068 Unused Serialized files (Serialized files now loaded: 0)
System memory in use before: 86.5 MB.
System memory in use after: 86.6 MB.

Unloading 39 unused Assets to reduce memory usage. Loaded Objects now: 2480.
Total: 8.656100 ms (FindLiveObjects: 0.514600 ms CreateObjectMapping: 0.565400 ms MarkObjects: 7.392300 ms  DeleteObjects: 0.180900 ms)

AssetImportParameters requested are different than current active one (requested -> active):
  custom:framework-win-MediaFoundation: 216162199b28c13a410421893ffa2e32 -> 
  custom:video-decoder-ogg-theora: a1e56fd34408186e4bbccfd4996cb3dc -> 
  custom:container-muxer-webm: aa71ff27fc2769a1b78a27578f13a17b -> 
  custom:container-demuxer-webm: 4f35f7cbe854078d1ac9338744f61a02 -> 
  custom:container-demuxer-ogg: 62fdf1f143b41e24485cea50d1cbac27 -> 
  custom:video-encoder-webm-vp8: eb34c28f22e8b96e1ab97ce403110664 -> 
  custom:video-decoder-webm-vp8: 9c59270c3fd7afecdb556c50c9e8de78 -> 
  custom:audio-decoder-ogg-vorbis: bf7c407c2cedff20999df2af8eb42d56 -> 
  custom:audio-encoder-webm-vorbis: bf7c407c2cedff20999df2af8eb42d56 -> 
========================================================================
Received Import Request.
  path: Assets/Scripts/RTCTransport.cs
  artifactKey: Guid(25ee6c1ef0ff0654ea102bbc970ddb2c) Importer(815301076,1909f56bfc062723c751e8b465ee728b)
Start importing Assets/Scripts/RTCTransport.cs using Guid(25ee6c1ef0ff0654ea102bbc970ddb2c) Importer(815301076,1909f56bfc062723c751e8b465ee728b)  -> (artifact id: '2c2b09174b31f6b7b2d84b970a7653c6') in 0.151942 seconds 
  Import took 0.206299 seconds .

AssetImportWorkerClient::OnTransportError - code=2 error=End of file
